[debug] [2026-02-03T22:51:13.255Z] ----------------------------------------------------------------------
[debug] [2026-02-03T22:51:13.257Z] Command:       C:\Program Files\nodejs\node.exe C:\Users\atomi\AppData\Roaming\npm\node_modules\firebase-tools\lib\bin\firebase.js init
[debug] [2026-02-03T22:51:13.257Z] CLI Version:   14.17.0
[debug] [2026-02-03T22:51:13.257Z] Platform:      win32
[debug] [2026-02-03T22:51:13.257Z] Node Version:  v22.19.0
[debug] [2026-02-03T22:51:13.257Z] Time:          Wed Feb 04 2026 07:51:13 GMT+0900 (日本標準時)
[debug] [2026-02-03T22:51:13.258Z] ----------------------------------------------------------------------
[debug] 
[debug] [2026-02-03T22:51:13.259Z] >>> [apiv2][query] GET https://firebase-public.firebaseio.com/cli.json [none]
[debug] [2026-02-03T22:51:13.294Z] > command requires scopes: ["email","openid","https://www.googleapis.com/auth/cloudplatformprojects.readonly","https://www.googleapis.com/auth/firebase","https://www.googleapis.com/auth/cloud-platform"]
[debug] [2026-02-03T22:51:13.294Z] > authorizing via signed-in user (atomic1017@gmail.com)
[info] 
     ######## #### ########  ######## ########     ###     ######  ########
     ##        ##  ##     ## ##       ##     ##  ##   ##  ##       ##
     ######    ##  ########  ######   ########  #########  ######  ######
     ##        ##  ##    ##  ##       ##     ## ##     ##       ## ##
     ##       #### ##     ## ######## ########  ##     ##  ######  ########

You're about to initialize a Firebase project in this directory:

  C:\NextProjects\nochatai

Before we get started, keep in mind:

  * You are currently outside your home directory

[debug] [2026-02-03T22:51:13.633Z] <<< [apiv2][status] GET https://firebase-public.firebaseio.com/cli.json 200
[debug] [2026-02-03T22:51:13.633Z] <<< [apiv2][body] GET https://firebase-public.firebaseio.com/cli.json {"cloudBuildErrorAfter":1594252800000,"cloudBuildWarnAfter":1590019200000,"defaultNode10After":1594252800000,"minVersion":"3.0.5","node8DeploysDisabledAfter":1613390400000,"node8RuntimeDisabledAfter":1615809600000,"node8WarnAfter":1600128000000}
[debug] [2026-02-04T13:30:20.860Z] ----------------------------------------------------------------------
[debug] [2026-02-04T13:30:20.862Z] Command:       C:\Program Files\nodejs\node.exe C:\Users\atomi\AppData\Roaming\npm\node_modules\firebase-tools\lib\bin\firebase.js init
[debug] [2026-02-04T13:30:20.863Z] CLI Version:   14.17.0
[debug] [2026-02-04T13:30:20.863Z] Platform:      win32
[debug] [2026-02-04T13:30:20.863Z] Node Version:  v22.19.0
[debug] [2026-02-04T13:30:20.863Z] Time:          Wed Feb 04 2026 22:30:20 GMT+0900 (日本標準時)
[debug] [2026-02-04T13:30:20.863Z] ----------------------------------------------------------------------
[debug] 
[debug] [2026-02-04T13:30:20.868Z] > command requires scopes: ["email","openid","https://www.googleapis.com/auth/cloudplatformprojects.readonly","https://www.googleapis.com/auth/firebase","https://www.googleapis.com/auth/cloud-platform"]
[debug] [2026-02-04T13:30:20.868Z] > authorizing via signed-in user (atomic1017@gmail.com)
[info] 
     ######## #### ########  ######## ########     ###     ######  ########
     ##        ##  ##     ## ##       ##     ##  ##   ##  ##       ##
     ######    ##  ########  ######   ########  #########  ######  ######
     ##        ##  ##    ##  ##       ##     ## ##     ##       ## ##
     ##       #### ##     ## ######## ########  ##     ##  ######  ########

You're about to initialize a Firebase project in this directory:

  C:\NextProjects\nochatai

Before we get started, keep in mind:

  * You are currently outside your home directory

